2026-04-10 20:50:28.583 | INFO    | ========================================================================
2026-04-10 20:50:28.583 | INFO    | P053 SIMULATION — DAY 39 (PHASE2)
2026-04-10 20:50:28.583 | INFO    | Started: 2026-04-10T20:50:28.582957
2026-04-10 20:50:28.583 | INFO    | ========================================================================
2026-04-10 20:50:55.843 | INFO    | [DATA-GEN] Scenario: bad_model_deploy
2026-04-10 20:50:55.843 | INFO    | [DATA-GEN] Rows generated: 5,000,000
2026-04-10 20:50:55.843 | INFO    | [DATA-GEN] Parquet size: 213.6 MB
2026-04-10 20:50:55.843 | INFO    | [DATA-GEN] Time: 27.3s
2026-04-10 20:50:55.843 | INFO    | [INFRA] Model params: 317,000
2026-04-10 20:50:55.843 | INFO    | [INFRA] Estimated VRAM: 1.0 GB
2026-04-10 20:50:55.843 | INFO    | [INFRA] Selected GPU: T4 (g4dn.xlarge)
2026-04-10 20:50:55.843 | INFO    | [INFRA] Cost: $0.53/hr
2026-04-10 20:50:55.843 | INFO    | [INFRA] Current instance sufficient — CURRENT GPU SUFFICIENT: T4 on g4dn.xlarge handles 317K
2026-04-10 20:51:01.906 | INFO    | [DRIFT] Critical features: 5
2026-04-10 20:51:01.906 | INFO    | [DRIFT] Warning features: 0
2026-04-10 20:51:01.906 | INFO    | [DRIFT] Reliable: True
2026-04-10 20:51:01.906 | INFO    | [DRIFT] Ref rows: 100,000 | Analysis rows: 100,000
2026-04-10 20:51:01.907 | INFO    | [DRIFT]   retention_time_ms: PSI=6.048502 [CRITICAL]
2026-04-10 20:51:01.907 | INFO    | [DRIFT]   gate_oxide_thickness_a: PSI=5.975668 [CRITICAL]
2026-04-10 20:51:01.907 | INFO    | [DRIFT]   test_temp_c: PSI=3.531129 [CRITICAL]
2026-04-10 20:51:01.907 | INFO    | [DRIFT]   cell_leakage_fa: PSI=0.690001 [CRITICAL]
2026-04-10 20:51:01.907 | INFO    | [DRIFT]   vt_shift_mv: PSI=0.339765 [CRITICAL]
2026-04-10 20:51:01.907 | INFO    | [DRIFT]   trcd_ns: PSI=0.000245 [OK]
2026-04-10 20:51:01.907 | INFO    | [RETRAIN] ✓ TRIGGERED — 5 critical features, 39d since last retrain
2026-04-10 20:51:01.907 | INFO    | [RETRAIN] Flags: drift=True, staleness=True, reliable=True
2026-04-10 20:51:01.907 | INFO    | [RETRAIN] Days since last retrain: 39
2026-04-10 21:32:26.808 | WARNING | [ROLLBACK] ⚠ v1_original → v1_original
2026-04-10 21:32:26.810 | WARNING | [ROLLBACK] Reason: Day 39 bad model deploy scenario — canary failed
2026-04-10 21:32:26.834 | WARNING | [S3] Upload failed: Unable to locate credentials
2026-04-10 21:32:26.834 | INFO    | ========================================================================
2026-04-10 21:32:26.834 | INFO    | DAY 39 COMPLETE — 2518.3s total
2026-04-10 21:32:26.834 | INFO    | ========================================================================
