2026-04-10 14:12:15.768 | INFO    | ========================================================================
2026-04-10 14:12:15.768 | INFO    | P053 SIMULATION — DAY 10 (PHASE2)
2026-04-10 14:12:15.768 | INFO    | Started: 2026-04-10T14:12:15.767849
2026-04-10 14:12:15.768 | INFO    | ========================================================================
2026-04-10 14:12:45.068 | INFO    | [DATA-GEN] Scenario: auto_recover
2026-04-10 14:12:45.068 | INFO    | [DATA-GEN] Rows generated: 5,000,000
2026-04-10 14:12:45.068 | INFO    | [DATA-GEN] Parquet size: 214.0 MB
2026-04-10 14:12:45.068 | INFO    | [DATA-GEN] Time: 29.3s
2026-04-10 14:12:45.068 | INFO    | [INFRA] Model params: 317,000
2026-04-10 14:12:45.068 | INFO    | [INFRA] Estimated VRAM: 1.0 GB
2026-04-10 14:12:45.068 | INFO    | [INFRA] Selected GPU: T4 (g4dn.xlarge)
2026-04-10 14:12:45.068 | INFO    | [INFRA] Cost: $0.53/hr
2026-04-10 14:12:45.068 | INFO    | [INFRA] Current instance sufficient — CURRENT GPU SUFFICIENT: T4 on g4dn.xlarge handles 317K
2026-04-10 14:12:50.011 | INFO    | [DRIFT] Critical features: 0
2026-04-10 14:12:50.011 | INFO    | [DRIFT] Warning features: 0
2026-04-10 14:12:50.011 | INFO    | [DRIFT] Reliable: True
2026-04-10 14:12:50.011 | INFO    | [DRIFT] Ref rows: 100,000 | Analysis rows: 100,000
2026-04-10 14:12:50.011 | INFO    | [DRIFT]   test_temp_c: PSI=0.078078 [OK]
2026-04-10 14:12:50.011 | INFO    | [DRIFT]   retention_time_ms: PSI=0.062709 [OK]
2026-04-10 14:12:50.011 | INFO    | [DRIFT]   cell_leakage_fa: PSI=0.002035 [OK]
2026-04-10 14:12:50.011 | INFO    | [DRIFT]   vt_shift_mv: PSI=0.000227 [OK]
2026-04-10 14:12:50.011 | INFO    | [DRIFT]   gate_oxide_thickness_a: PSI=0.000178 [OK]
2026-04-10 14:12:50.011 | INFO    | [DRIFT]   trcd_ns: PSI=0.000100 [OK]
2026-04-10 14:12:50.011 | INFO    | [RETRAIN] ✗ SKIPPED — only 0 critical features (need ≥3)
2026-04-10 14:12:50.011 | INFO    | [RETRAIN] Flags: drift=False, staleness=False, reliable=True
2026-04-10 14:12:50.011 | INFO    | [RETRAIN] Days since last retrain: 10
2026-04-10 14:12:50.027 | WARNING | [S3] Upload failed: Unable to locate credentials
2026-04-10 14:12:50.027 | INFO    | ========================================================================
2026-04-10 14:12:50.027 | INFO    | DAY 10 COMPLETE — 34.3s total
2026-04-10 14:12:50.028 | INFO    | ========================================================================
