2026-04-10 14:23:10.756 | INFO    | ========================================================================
2026-04-10 14:23:10.756 | INFO    | P053 SIMULATION — DAY 30 (PHASE2)
2026-04-10 14:23:10.756 | INFO    | Started: 2026-04-10T14:23:10.756131
2026-04-10 14:23:10.756 | INFO    | ========================================================================
2026-04-10 14:23:38.003 | INFO    | [DATA-GEN] Scenario: worsening
2026-04-10 14:23:38.003 | INFO    | [DATA-GEN] Rows generated: 5,000,000
2026-04-10 14:23:38.003 | INFO    | [DATA-GEN] Parquet size: 213.0 MB
2026-04-10 14:23:38.003 | INFO    | [DATA-GEN] Time: 27.2s
2026-04-10 14:23:38.003 | INFO    | [INFRA] Model params: 317,000
2026-04-10 14:23:38.003 | INFO    | [INFRA] Estimated VRAM: 1.0 GB
2026-04-10 14:23:38.003 | INFO    | [INFRA] Selected GPU: T4 (g4dn.xlarge)
2026-04-10 14:23:38.003 | INFO    | [INFRA] Cost: $0.53/hr
2026-04-10 14:23:38.003 | INFO    | [INFRA] Current instance sufficient — CURRENT GPU SUFFICIENT: T4 on g4dn.xlarge handles 317K
2026-04-10 14:23:42.015 | INFO    | [DRIFT] Critical features: 5
2026-04-10 14:23:42.015 | INFO    | [DRIFT] Warning features: 0
2026-04-10 14:23:42.015 | INFO    | [DRIFT] Reliable: True
2026-04-10 14:23:42.015 | INFO    | [DRIFT] Ref rows: 100,000 | Analysis rows: 100,000
2026-04-10 14:23:42.015 | INFO    | [DRIFT]   retention_time_ms: PSI=5.252174 [CRITICAL]
2026-04-10 14:23:42.015 | INFO    | [DRIFT]   gate_oxide_thickness_a: PSI=4.728358 [CRITICAL]
2026-04-10 14:23:42.015 | INFO    | [DRIFT]   test_temp_c: PSI=2.935710 [CRITICAL]
2026-04-10 14:23:42.015 | INFO    | [DRIFT]   vt_shift_mv: PSI=0.708354 [CRITICAL]
2026-04-10 14:23:42.015 | INFO    | [DRIFT]   cell_leakage_fa: PSI=0.546685 [CRITICAL]
2026-04-10 14:23:42.015 | INFO    | [DRIFT]   trcd_ns: PSI=0.000067 [OK]
2026-04-10 14:23:42.015 | INFO    | [RETRAIN] ✓ TRIGGERED — 5 critical features, 30d since last retrain
2026-04-10 14:23:42.015 | INFO    | [RETRAIN] Flags: drift=True, staleness=True, reliable=True
2026-04-10 14:23:42.015 | INFO    | [RETRAIN] Days since last retrain: 30
2026-04-10 15:05:49.894 | WARNING | [S3] Upload failed: Unable to locate credentials
2026-04-10 15:05:49.895 | INFO    | ========================================================================
2026-04-10 15:05:49.895 | INFO    | DAY 30 COMPLETE — 2559.1s total
2026-04-10 15:05:49.895 | INFO    | ========================================================================
