2026-04-10 21:32:26.837 | INFO    | ========================================================================
2026-04-10 21:32:26.837 | INFO    | P053 SIMULATION — DAY 40 (PHASE2)
2026-04-10 21:32:26.837 | INFO    | Started: 2026-04-10T21:32:26.835815
2026-04-10 21:32:26.837 | INFO    | ========================================================================
2026-04-10 21:32:53.957 | INFO    | [DATA-GEN] Scenario: final_recovery
2026-04-10 21:32:53.957 | INFO    | [DATA-GEN] Rows generated: 5,000,000
2026-04-10 21:32:53.957 | INFO    | [DATA-GEN] Parquet size: 213.7 MB
2026-04-10 21:32:53.957 | INFO    | [DATA-GEN] Time: 27.1s
2026-04-10 21:32:53.958 | INFO    | [INFRA] Model params: 317,000
2026-04-10 21:32:53.958 | INFO    | [INFRA] Estimated VRAM: 1.0 GB
2026-04-10 21:32:53.958 | INFO    | [INFRA] Selected GPU: T4 (g4dn.xlarge)
2026-04-10 21:32:53.958 | INFO    | [INFRA] Cost: $0.53/hr
2026-04-10 21:32:53.958 | INFO    | [INFRA] Current instance sufficient — CURRENT GPU SUFFICIENT: T4 on g4dn.xlarge handles 317K
2026-04-10 21:33:00.009 | INFO    | [DRIFT] Critical features: 5
2026-04-10 21:33:00.009 | INFO    | [DRIFT] Warning features: 0
2026-04-10 21:33:00.009 | INFO    | [DRIFT] Reliable: True
2026-04-10 21:33:00.010 | INFO    | [DRIFT] Ref rows: 100,000 | Analysis rows: 100,000
2026-04-10 21:33:00.010 | INFO    | [DRIFT]   gate_oxide_thickness_a: PSI=5.916559 [CRITICAL]
2026-04-10 21:33:00.010 | INFO    | [DRIFT]   retention_time_ms: PSI=5.416688 [CRITICAL]
2026-04-10 21:33:00.010 | INFO    | [DRIFT]   test_temp_c: PSI=3.109271 [CRITICAL]
2026-04-10 21:33:00.010 | INFO    | [DRIFT]   cell_leakage_fa: PSI=0.696807 [CRITICAL]
2026-04-10 21:33:00.010 | INFO    | [DRIFT]   vt_shift_mv: PSI=0.345357 [CRITICAL]
2026-04-10 21:33:00.010 | INFO    | [DRIFT]   trcd_ns: PSI=0.000052 [OK]
2026-04-10 21:33:00.010 | INFO    | [RETRAIN] ✓ TRIGGERED — 5 critical features, 40d since last retrain
2026-04-10 21:33:00.010 | INFO    | [RETRAIN] Flags: drift=True, staleness=True, reliable=True
2026-04-10 21:33:00.010 | INFO    | [RETRAIN] Days since last retrain: 40
2026-04-10 22:34:47.368 | WARNING | [S3] Upload failed: Unable to locate credentials
2026-04-10 22:34:47.369 | INFO    | ========================================================================
2026-04-10 22:34:47.369 | INFO    | DAY 40 COMPLETE — 3740.5s total
2026-04-10 22:34:47.369 | INFO    | ========================================================================
