2026-04-10 18:00:12.051 | INFO    | ========================================================================
2026-04-10 18:00:12.051 | INFO    | P053 SIMULATION — DAY 35 (PHASE2)
2026-04-10 18:00:12.051 | INFO    | Started: 2026-04-10T18:00:12.050823
2026-04-10 18:00:12.051 | INFO    | ========================================================================
2026-04-10 18:00:41.625 | INFO    | [DATA-GEN] Scenario: post_retrain_recovery
2026-04-10 18:00:41.625 | INFO    | [DATA-GEN] Rows generated: 5,000,000
2026-04-10 18:00:41.625 | INFO    | [DATA-GEN] Parquet size: 213.0 MB
2026-04-10 18:00:41.626 | INFO    | [DATA-GEN] Time: 29.6s
2026-04-10 18:00:41.626 | INFO    | [INFRA] Model params: 317,000
2026-04-10 18:00:41.626 | INFO    | [INFRA] Estimated VRAM: 1.0 GB
2026-04-10 18:00:41.626 | INFO    | [INFRA] Selected GPU: T4 (g4dn.xlarge)
2026-04-10 18:00:41.626 | INFO    | [INFRA] Cost: $0.53/hr
2026-04-10 18:00:41.626 | INFO    | [INFRA] Current instance sufficient — CURRENT GPU SUFFICIENT: T4 on g4dn.xlarge handles 317K
2026-04-10 18:00:48.059 | INFO    | [DRIFT] Critical features: 4
2026-04-10 18:00:48.060 | INFO    | [DRIFT] Warning features: 0
2026-04-10 18:00:48.060 | INFO    | [DRIFT] Reliable: True
2026-04-10 18:00:48.060 | INFO    | [DRIFT] Ref rows: 100,000 | Analysis rows: 100,000
2026-04-10 18:00:48.060 | INFO    | [DRIFT]   gate_oxide_thickness_a: PSI=5.183890 [CRITICAL]
2026-04-10 18:00:48.060 | INFO    | [DRIFT]   retention_time_ms: PSI=5.134255 [CRITICAL]
2026-04-10 18:00:48.060 | INFO    | [DRIFT]   test_temp_c: PSI=2.811981 [CRITICAL]
2026-04-10 18:00:48.060 | INFO    | [DRIFT]   cell_leakage_fa: PSI=0.662315 [CRITICAL]
2026-04-10 18:00:48.060 | INFO    | [DRIFT]   trcd_ns: PSI=0.000248 [OK]
2026-04-10 18:00:48.060 | INFO    | [DRIFT]   vt_shift_mv: PSI=0.000120 [OK]
2026-04-10 18:00:48.060 | INFO    | [RETRAIN] ✓ TRIGGERED — 4 critical features, 35d since last retrain
2026-04-10 18:00:48.060 | INFO    | [RETRAIN] Flags: drift=True, staleness=True, reliable=True
2026-04-10 18:00:48.060 | INFO    | [RETRAIN] Days since last retrain: 35
2026-04-10 18:44:20.340 | WARNING | [S3] Upload failed: Unable to locate credentials
2026-04-10 18:44:20.341 | INFO    | ========================================================================
2026-04-10 18:44:20.342 | INFO    | DAY 35 COMPLETE — 2648.3s total
2026-04-10 18:44:20.342 | INFO    | ========================================================================
