2026-04-10 14:18:22.613 | INFO    | ========================================================================
2026-04-10 14:18:22.613 | INFO    | P053 SIMULATION — DAY 21 (PHASE2)
2026-04-10 14:18:22.613 | INFO    | Started: 2026-04-10T14:18:22.612784
2026-04-10 14:18:22.613 | INFO    | ========================================================================
2026-04-10 14:18:50.175 | INFO    | [DATA-GEN] Scenario: continued_drift
2026-04-10 14:18:50.175 | INFO    | [DATA-GEN] Rows generated: 5,000,000
2026-04-10 14:18:50.175 | INFO    | [DATA-GEN] Parquet size: 213.5 MB
2026-04-10 14:18:50.176 | INFO    | [DATA-GEN] Time: 27.6s
2026-04-10 14:18:50.176 | INFO    | [INFRA] Model params: 317,000
2026-04-10 14:18:50.176 | INFO    | [INFRA] Estimated VRAM: 1.0 GB
2026-04-10 14:18:50.176 | INFO    | [INFRA] Selected GPU: T4 (g4dn.xlarge)
2026-04-10 14:18:50.176 | INFO    | [INFRA] Cost: $0.53/hr
2026-04-10 14:18:50.176 | INFO    | [INFRA] Current instance sufficient — CURRENT GPU SUFFICIENT: T4 on g4dn.xlarge handles 317K
2026-04-10 14:18:54.512 | INFO    | [DRIFT] Critical features: 3
2026-04-10 14:18:54.512 | INFO    | [DRIFT] Warning features: 1
2026-04-10 14:18:54.512 | INFO    | [DRIFT] Reliable: True
2026-04-10 14:18:54.512 | INFO    | [DRIFT] Ref rows: 100,000 | Analysis rows: 100,000
2026-04-10 14:18:54.512 | INFO    | [DRIFT]   gate_oxide_thickness_a: PSI=1.707821 [CRITICAL]
2026-04-10 14:18:54.512 | INFO    | [DRIFT]   retention_time_ms: PSI=1.619720 [CRITICAL]
2026-04-10 14:18:54.512 | INFO    | [DRIFT]   test_temp_c: PSI=0.741156 [CRITICAL]
2026-04-10 14:18:54.512 | INFO    | [DRIFT]   cell_leakage_fa: PSI=0.169264 [WARNING]
2026-04-10 14:18:54.512 | INFO    | [DRIFT]   vt_shift_mv: PSI=0.016499 [OK]
2026-04-10 14:18:54.512 | INFO    | [DRIFT]   trcd_ns: PSI=0.000104 [OK]
2026-04-10 14:18:54.512 | INFO    | [RETRAIN] ✗ SKIPPED — staleness gate (21d < 30)
2026-04-10 14:18:54.512 | INFO    | [RETRAIN] Flags: drift=True, staleness=False, reliable=True
2026-04-10 14:18:54.512 | INFO    | [RETRAIN] Days since last retrain: 21
2026-04-10 14:18:54.528 | WARNING | [S3] Upload failed: Unable to locate credentials
2026-04-10 14:18:54.528 | INFO    | ========================================================================
2026-04-10 14:18:54.528 | INFO    | DAY 21 COMPLETE — 31.9s total
2026-04-10 14:18:54.528 | INFO    | ========================================================================
