2026-04-10 14:22:39.765 | INFO    | ========================================================================
2026-04-10 14:22:39.765 | INFO    | P053 SIMULATION — DAY 29 (PHASE2)
2026-04-10 14:22:39.765 | INFO    | Started: 2026-04-10T14:22:39.765403
2026-04-10 14:22:39.765 | INFO    | ========================================================================
2026-04-10 14:23:06.803 | INFO    | [DATA-GEN] Scenario: worsening
2026-04-10 14:23:06.803 | INFO    | [DATA-GEN] Rows generated: 5,000,000
2026-04-10 14:23:06.803 | INFO    | [DATA-GEN] Parquet size: 213.1 MB
2026-04-10 14:23:06.803 | INFO    | [DATA-GEN] Time: 27.0s
2026-04-10 14:23:06.803 | INFO    | [INFRA] Model params: 317,000
2026-04-10 14:23:06.803 | INFO    | [INFRA] Estimated VRAM: 1.0 GB
2026-04-10 14:23:06.803 | INFO    | [INFRA] Selected GPU: T4 (g4dn.xlarge)
2026-04-10 14:23:06.803 | INFO    | [INFRA] Cost: $0.53/hr
2026-04-10 14:23:06.803 | INFO    | [INFRA] Current instance sufficient — CURRENT GPU SUFFICIENT: T4 on g4dn.xlarge handles 317K
2026-04-10 14:23:10.738 | INFO    | [DRIFT] Critical features: 5
2026-04-10 14:23:10.738 | INFO    | [DRIFT] Warning features: 0
2026-04-10 14:23:10.738 | INFO    | [DRIFT] Reliable: True
2026-04-10 14:23:10.738 | INFO    | [DRIFT] Ref rows: 100,000 | Analysis rows: 100,000
2026-04-10 14:23:10.738 | INFO    | [DRIFT]   retention_time_ms: PSI=4.904831 [CRITICAL]
2026-04-10 14:23:10.738 | INFO    | [DRIFT]   gate_oxide_thickness_a: PSI=4.363860 [CRITICAL]
2026-04-10 14:23:10.738 | INFO    | [DRIFT]   test_temp_c: PSI=2.917511 [CRITICAL]
2026-04-10 14:23:10.738 | INFO    | [DRIFT]   vt_shift_mv: PSI=0.551364 [CRITICAL]
2026-04-10 14:23:10.738 | INFO    | [DRIFT]   cell_leakage_fa: PSI=0.508280 [CRITICAL]
2026-04-10 14:23:10.738 | INFO    | [DRIFT]   trcd_ns: PSI=0.000224 [OK]
2026-04-10 14:23:10.738 | INFO    | [RETRAIN] ✗ SKIPPED — staleness gate (29d < 30)
2026-04-10 14:23:10.738 | INFO    | [RETRAIN] Flags: drift=True, staleness=False, reliable=True
2026-04-10 14:23:10.738 | INFO    | [RETRAIN] Days since last retrain: 29
2026-04-10 14:23:10.755 | WARNING | [S3] Upload failed: Unable to locate credentials
2026-04-10 14:23:10.755 | INFO    | ========================================================================
2026-04-10 14:23:10.755 | INFO    | DAY 29 COMPLETE — 31.0s total
2026-04-10 14:23:10.755 | INFO    | ========================================================================
