2026-04-10 14:19:58.057 | INFO    | ========================================================================
2026-04-10 14:19:58.057 | INFO    | P053 SIMULATION — DAY 24 (PHASE2)
2026-04-10 14:19:58.057 | INFO    | Started: 2026-04-10T14:19:58.057007
2026-04-10 14:19:58.057 | INFO    | ========================================================================
2026-04-10 14:20:26.668 | INFO    | [DATA-GEN] Scenario: continued_drift
2026-04-10 14:20:26.669 | INFO    | [DATA-GEN] Rows generated: 5,000,000
2026-04-10 14:20:26.669 | INFO    | [DATA-GEN] Parquet size: 213.2 MB
2026-04-10 14:20:26.669 | INFO    | [DATA-GEN] Time: 28.6s
2026-04-10 14:20:26.669 | INFO    | [INFRA] Model params: 317,000
2026-04-10 14:20:26.669 | INFO    | [INFRA] Estimated VRAM: 1.0 GB
2026-04-10 14:20:26.669 | INFO    | [INFRA] Selected GPU: T4 (g4dn.xlarge)
2026-04-10 14:20:26.669 | INFO    | [INFRA] Cost: $0.53/hr
2026-04-10 14:20:26.669 | INFO    | [INFRA] Current instance sufficient — CURRENT GPU SUFFICIENT: T4 on g4dn.xlarge handles 317K
2026-04-10 14:20:31.970 | INFO    | [DRIFT] Critical features: 4
2026-04-10 14:20:31.970 | INFO    | [DRIFT] Warning features: 1
2026-04-10 14:20:31.970 | INFO    | [DRIFT] Reliable: True
2026-04-10 14:20:31.971 | INFO    | [DRIFT] Ref rows: 100,000 | Analysis rows: 100,000
2026-04-10 14:20:31.971 | INFO    | [DRIFT]   retention_time_ms: PSI=2.993459 [CRITICAL]
2026-04-10 14:20:31.971 | INFO    | [DRIFT]   gate_oxide_thickness_a: PSI=2.633131 [CRITICAL]
2026-04-10 14:20:31.971 | INFO    | [DRIFT]   test_temp_c: PSI=1.764246 [CRITICAL]
2026-04-10 14:20:31.971 | INFO    | [DRIFT]   cell_leakage_fa: PSI=0.278226 [CRITICAL]
2026-04-10 14:20:31.971 | INFO    | [DRIFT]   vt_shift_mv: PSI=0.103479 [WARNING]
2026-04-10 14:20:31.971 | INFO    | [DRIFT]   trcd_ns: PSI=0.000091 [OK]
2026-04-10 14:20:31.971 | INFO    | [RETRAIN] ✗ SKIPPED — staleness gate (24d < 30)
2026-04-10 14:20:31.971 | INFO    | [RETRAIN] Flags: drift=True, staleness=False, reliable=True
2026-04-10 14:20:31.971 | INFO    | [RETRAIN] Days since last retrain: 24
2026-04-10 14:20:31.988 | WARNING | [S3] Upload failed: Unable to locate credentials
2026-04-10 14:20:31.988 | INFO    | ========================================================================
2026-04-10 14:20:31.988 | INFO    | DAY 24 COMPLETE — 33.9s total
2026-04-10 14:20:31.989 | INFO    | ========================================================================
