2026-04-10 14:19:26.697 | INFO    | ========================================================================
2026-04-10 14:19:26.697 | INFO    | P053 SIMULATION — DAY 23 (PHASE2)
2026-04-10 14:19:26.697 | INFO    | Started: 2026-04-10T14:19:26.696348
2026-04-10 14:19:26.697 | INFO    | ========================================================================
2026-04-10 14:19:53.883 | INFO    | [DATA-GEN] Scenario: continued_drift
2026-04-10 14:19:53.883 | INFO    | [DATA-GEN] Rows generated: 5,000,000
2026-04-10 14:19:53.883 | INFO    | [DATA-GEN] Parquet size: 213.3 MB
2026-04-10 14:19:53.883 | INFO    | [DATA-GEN] Time: 27.2s
2026-04-10 14:19:53.883 | INFO    | [INFRA] Model params: 317,000
2026-04-10 14:19:53.884 | INFO    | [INFRA] Estimated VRAM: 1.0 GB
2026-04-10 14:19:53.884 | INFO    | [INFRA] Selected GPU: T4 (g4dn.xlarge)
2026-04-10 14:19:53.884 | INFO    | [INFRA] Cost: $0.53/hr
2026-04-10 14:19:53.884 | INFO    | [INFRA] Current instance sufficient — CURRENT GPU SUFFICIENT: T4 on g4dn.xlarge handles 317K
2026-04-10 14:19:58.038 | INFO    | [DRIFT] Critical features: 4
2026-04-10 14:19:58.038 | INFO    | [DRIFT] Warning features: 0
2026-04-10 14:19:58.038 | INFO    | [DRIFT] Reliable: True
2026-04-10 14:19:58.038 | INFO    | [DRIFT] Ref rows: 100,000 | Analysis rows: 100,000
2026-04-10 14:19:58.038 | INFO    | [DRIFT]   retention_time_ms: PSI=2.424342 [CRITICAL]
2026-04-10 14:19:58.038 | INFO    | [DRIFT]   gate_oxide_thickness_a: PSI=2.302181 [CRITICAL]
2026-04-10 14:19:58.038 | INFO    | [DRIFT]   test_temp_c: PSI=1.343777 [CRITICAL]
2026-04-10 14:19:58.038 | INFO    | [DRIFT]   cell_leakage_fa: PSI=0.241116 [CRITICAL]
2026-04-10 14:19:58.038 | INFO    | [DRIFT]   vt_shift_mv: PSI=0.062644 [OK]
2026-04-10 14:19:58.038 | INFO    | [DRIFT]   trcd_ns: PSI=0.000132 [OK]
2026-04-10 14:19:58.038 | INFO    | [RETRAIN] ✗ SKIPPED — staleness gate (23d < 30)
2026-04-10 14:19:58.038 | INFO    | [RETRAIN] Flags: drift=True, staleness=False, reliable=True
2026-04-10 14:19:58.038 | INFO    | [RETRAIN] Days since last retrain: 23
2026-04-10 14:19:58.055 | WARNING | [S3] Upload failed: Unable to locate credentials
2026-04-10 14:19:58.056 | INFO    | ========================================================================
2026-04-10 14:19:58.056 | INFO    | DAY 23 COMPLETE — 31.4s total
2026-04-10 14:19:58.056 | INFO    | ========================================================================
