2026-04-10 14:21:34.669 | INFO    | ========================================================================
2026-04-10 14:21:34.669 | INFO    | P053 SIMULATION — DAY 27 (PHASE2)
2026-04-10 14:21:34.670 | INFO    | Started: 2026-04-10T14:21:34.669210
2026-04-10 14:21:34.670 | INFO    | ========================================================================
2026-04-10 14:22:02.153 | INFO    | [DATA-GEN] Scenario: worsening
2026-04-10 14:22:02.153 | INFO    | [DATA-GEN] Rows generated: 5,000,000
2026-04-10 14:22:02.153 | INFO    | [DATA-GEN] Parquet size: 213.3 MB
2026-04-10 14:22:02.153 | INFO    | [DATA-GEN] Time: 27.5s
2026-04-10 14:22:02.153 | INFO    | [INFRA] Model params: 317,000
2026-04-10 14:22:02.153 | INFO    | [INFRA] Estimated VRAM: 1.0 GB
2026-04-10 14:22:02.153 | INFO    | [INFRA] Selected GPU: T4 (g4dn.xlarge)
2026-04-10 14:22:02.153 | INFO    | [INFRA] Cost: $0.53/hr
2026-04-10 14:22:02.153 | INFO    | [INFRA] Current instance sufficient — CURRENT GPU SUFFICIENT: T4 on g4dn.xlarge handles 317K
2026-04-10 14:22:07.057 | INFO    | [DRIFT] Critical features: 5
2026-04-10 14:22:07.058 | INFO    | [DRIFT] Warning features: 0
2026-04-10 14:22:07.058 | INFO    | [DRIFT] Reliable: True
2026-04-10 14:22:07.058 | INFO    | [DRIFT] Ref rows: 100,000 | Analysis rows: 100,000
2026-04-10 14:22:07.058 | INFO    | [DRIFT]   gate_oxide_thickness_a: PSI=3.679298 [CRITICAL]
2026-04-10 14:22:07.058 | INFO    | [DRIFT]   retention_time_ms: PSI=2.627041 [CRITICAL]
2026-04-10 14:22:07.058 | INFO    | [DRIFT]   test_temp_c: PSI=0.990354 [CRITICAL]
2026-04-10 14:22:07.058 | INFO    | [DRIFT]   cell_leakage_fa: PSI=0.400684 [CRITICAL]
2026-04-10 14:22:07.058 | INFO    | [DRIFT]   vt_shift_mv: PSI=0.305575 [CRITICAL]
2026-04-10 14:22:07.058 | INFO    | [DRIFT]   trcd_ns: PSI=0.000149 [OK]
2026-04-10 14:22:07.058 | INFO    | [RETRAIN] ✗ SKIPPED — staleness gate (27d < 30)
2026-04-10 14:22:07.058 | INFO    | [RETRAIN] Flags: drift=True, staleness=False, reliable=True
2026-04-10 14:22:07.058 | INFO    | [RETRAIN] Days since last retrain: 27
2026-04-10 14:22:07.076 | WARNING | [S3] Upload failed: Unable to locate credentials
2026-04-10 14:22:07.076 | INFO    | ========================================================================
2026-04-10 14:22:07.076 | INFO    | DAY 27 COMPLETE — 32.4s total
2026-04-10 14:22:07.076 | INFO    | ========================================================================
