2026-04-10 15:48:42.403 | INFO    | ========================================================================
2026-04-10 15:48:42.403 | INFO    | P053 SIMULATION — DAY 32 (PHASE2)
2026-04-10 15:48:42.403 | INFO    | Started: 2026-04-10T15:48:42.402577
2026-04-10 15:48:42.403 | INFO    | ========================================================================
2026-04-10 15:49:09.648 | INFO    | [DATA-GEN] Scenario: post_retrain_recovery
2026-04-10 15:49:09.648 | INFO    | [DATA-GEN] Rows generated: 5,000,000
2026-04-10 15:49:09.648 | INFO    | [DATA-GEN] Parquet size: 213.0 MB
2026-04-10 15:49:09.648 | INFO    | [DATA-GEN] Time: 27.2s
2026-04-10 15:49:09.648 | INFO    | [INFRA] Model params: 317,000
2026-04-10 15:49:09.648 | INFO    | [INFRA] Estimated VRAM: 1.0 GB
2026-04-10 15:49:09.648 | INFO    | [INFRA] Selected GPU: T4 (g4dn.xlarge)
2026-04-10 15:49:09.648 | INFO    | [INFRA] Cost: $0.53/hr
2026-04-10 15:49:09.648 | INFO    | [INFRA] Current instance sufficient — CURRENT GPU SUFFICIENT: T4 on g4dn.xlarge handles 317K
2026-04-10 15:49:14.035 | INFO    | [DRIFT] Critical features: 4
2026-04-10 15:49:14.035 | INFO    | [DRIFT] Warning features: 0
2026-04-10 15:49:14.035 | INFO    | [DRIFT] Reliable: True
2026-04-10 15:49:14.035 | INFO    | [DRIFT] Ref rows: 100,000 | Analysis rows: 100,000
2026-04-10 15:49:14.035 | INFO    | [DRIFT]   gate_oxide_thickness_a: PSI=5.249016 [CRITICAL]
2026-04-10 15:49:14.035 | INFO    | [DRIFT]   retention_time_ms: PSI=5.099716 [CRITICAL]
2026-04-10 15:49:14.035 | INFO    | [DRIFT]   test_temp_c: PSI=2.755686 [CRITICAL]
2026-04-10 15:49:14.035 | INFO    | [DRIFT]   cell_leakage_fa: PSI=0.586730 [CRITICAL]
2026-04-10 15:49:14.035 | INFO    | [DRIFT]   vt_shift_mv: PSI=0.000207 [OK]
2026-04-10 15:49:14.035 | INFO    | [DRIFT]   trcd_ns: PSI=0.000071 [OK]
2026-04-10 15:49:14.035 | INFO    | [RETRAIN] ✓ TRIGGERED — 4 critical features, 32d since last retrain
2026-04-10 15:49:14.035 | INFO    | [RETRAIN] Flags: drift=True, staleness=True, reliable=True
2026-04-10 15:49:14.035 | INFO    | [RETRAIN] Days since last retrain: 32
2026-04-10 16:32:37.408 | WARNING | [S3] Upload failed: Unable to locate credentials
2026-04-10 16:32:37.412 | INFO    | ========================================================================
2026-04-10 16:32:37.412 | INFO    | DAY 32 COMPLETE — 2635.0s total
2026-04-10 16:32:37.412 | INFO    | ========================================================================
