2026-04-10 14:15:39.549 | INFO    | ========================================================================
2026-04-10 14:15:39.549 | INFO    | P053 SIMULATION — DAY 16 (PHASE2)
2026-04-10 14:15:39.549 | INFO    | Started: 2026-04-10T14:15:39.549048
2026-04-10 14:15:39.549 | INFO    | ========================================================================
2026-04-10 14:16:06.875 | INFO    | [DATA-GEN] Scenario: gradual_drift
2026-04-10 14:16:06.875 | INFO    | [DATA-GEN] Rows generated: 5,000,000
2026-04-10 14:16:06.875 | INFO    | [DATA-GEN] Parquet size: 214.1 MB
2026-04-10 14:16:06.875 | INFO    | [DATA-GEN] Time: 27.3s
2026-04-10 14:16:06.875 | INFO    | [INFRA] Model params: 317,000
2026-04-10 14:16:06.875 | INFO    | [INFRA] Estimated VRAM: 1.0 GB
2026-04-10 14:16:06.875 | INFO    | [INFRA] Selected GPU: T4 (g4dn.xlarge)
2026-04-10 14:16:06.875 | INFO    | [INFRA] Cost: $0.53/hr
2026-04-10 14:16:06.875 | INFO    | [INFRA] Current instance sufficient — CURRENT GPU SUFFICIENT: T4 on g4dn.xlarge handles 317K
2026-04-10 14:16:10.947 | INFO    | [DRIFT] Critical features: 1
2026-04-10 14:16:10.947 | INFO    | [DRIFT] Warning features: 0
2026-04-10 14:16:10.947 | INFO    | [DRIFT] Reliable: True
2026-04-10 14:16:10.947 | INFO    | [DRIFT] Ref rows: 100,000 | Analysis rows: 100,000
2026-04-10 14:16:10.947 | INFO    | [DRIFT]   gate_oxide_thickness_a: PSI=0.530463 [CRITICAL]
2026-04-10 14:16:10.947 | INFO    | [DRIFT]   test_temp_c: PSI=0.058916 [OK]
2026-04-10 14:16:10.947 | INFO    | [DRIFT]   retention_time_ms: PSI=0.041245 [OK]
2026-04-10 14:16:10.947 | INFO    | [DRIFT]   cell_leakage_fa: PSI=0.038071 [OK]
2026-04-10 14:16:10.947 | INFO    | [DRIFT]   vt_shift_mv: PSI=0.000305 [OK]
2026-04-10 14:16:10.947 | INFO    | [DRIFT]   trcd_ns: PSI=0.000101 [OK]
2026-04-10 14:16:10.947 | INFO    | [RETRAIN] ✗ SKIPPED — only 1 critical features (need ≥3)
2026-04-10 14:16:10.947 | INFO    | [RETRAIN] Flags: drift=False, staleness=False, reliable=True
2026-04-10 14:16:10.947 | INFO    | [RETRAIN] Days since last retrain: 16
2026-04-10 14:16:10.966 | WARNING | [S3] Upload failed: Unable to locate credentials
2026-04-10 14:16:10.966 | INFO    | ========================================================================
2026-04-10 14:16:10.966 | INFO    | DAY 16 COMPLETE — 31.4s total
2026-04-10 14:16:10.966 | INFO    | ========================================================================
