2026-04-10 14:18:54.529 | INFO    | ========================================================================
2026-04-10 14:18:54.529 | INFO    | P053 SIMULATION — DAY 22 (PHASE2)
2026-04-10 14:18:54.529 | INFO    | Started: 2026-04-10T14:18:54.529131
2026-04-10 14:18:54.529 | INFO    | ========================================================================
2026-04-10 14:19:22.548 | INFO    | [DATA-GEN] Scenario: continued_drift
2026-04-10 14:19:22.548 | INFO    | [DATA-GEN] Rows generated: 5,000,000
2026-04-10 14:19:22.548 | INFO    | [DATA-GEN] Parquet size: 213.2 MB
2026-04-10 14:19:22.548 | INFO    | [DATA-GEN] Time: 28.0s
2026-04-10 14:19:22.548 | INFO    | [INFRA] Model params: 317,000
2026-04-10 14:19:22.548 | INFO    | [INFRA] Estimated VRAM: 1.0 GB
2026-04-10 14:19:22.548 | INFO    | [INFRA] Selected GPU: T4 (g4dn.xlarge)
2026-04-10 14:19:22.548 | INFO    | [INFRA] Cost: $0.53/hr
2026-04-10 14:19:22.548 | INFO    | [INFRA] Current instance sufficient — CURRENT GPU SUFFICIENT: T4 on g4dn.xlarge handles 317K
2026-04-10 14:19:26.679 | INFO    | [DRIFT] Critical features: 4
2026-04-10 14:19:26.679 | INFO    | [DRIFT] Warning features: 0
2026-04-10 14:19:26.679 | INFO    | [DRIFT] Reliable: True
2026-04-10 14:19:26.679 | INFO    | [DRIFT] Ref rows: 100,000 | Analysis rows: 100,000
2026-04-10 14:19:26.679 | INFO    | [DRIFT]   retention_time_ms: PSI=2.302382 [CRITICAL]
2026-04-10 14:19:26.679 | INFO    | [DRIFT]   gate_oxide_thickness_a: PSI=1.989668 [CRITICAL]
2026-04-10 14:19:26.679 | INFO    | [DRIFT]   test_temp_c: PSI=1.256098 [CRITICAL]
2026-04-10 14:19:26.679 | INFO    | [DRIFT]   cell_leakage_fa: PSI=0.226787 [CRITICAL]
2026-04-10 14:19:26.679 | INFO    | [DRIFT]   vt_shift_mv: PSI=0.038877 [OK]
2026-04-10 14:19:26.680 | INFO    | [DRIFT]   trcd_ns: PSI=0.000241 [OK]
2026-04-10 14:19:26.680 | INFO    | [RETRAIN] ✗ SKIPPED — staleness gate (22d < 30)
2026-04-10 14:19:26.680 | INFO    | [RETRAIN] Flags: drift=True, staleness=False, reliable=True
2026-04-10 14:19:26.680 | INFO    | [RETRAIN] Days since last retrain: 22
2026-04-10 14:19:26.695 | WARNING | [S3] Upload failed: Unable to locate credentials
2026-04-10 14:19:26.695 | INFO    | ========================================================================
2026-04-10 14:19:26.695 | INFO    | DAY 22 COMPLETE — 32.2s total
2026-04-10 14:19:26.695 | INFO    | ========================================================================
