2026-04-10 19:26:48.865 | INFO    | ========================================================================
2026-04-10 19:26:48.865 | INFO    | P053 SIMULATION — DAY 37 (PHASE2)
2026-04-10 19:26:48.865 | INFO    | Started: 2026-04-10T19:26:48.863536
2026-04-10 19:26:48.865 | INFO    | ========================================================================
2026-04-10 19:27:15.849 | INFO    | [DATA-GEN] Scenario: second_drift
2026-04-10 19:27:15.849 | INFO    | [DATA-GEN] Rows generated: 5,000,000
2026-04-10 19:27:15.849 | INFO    | [DATA-GEN] Parquet size: 213.6 MB
2026-04-10 19:27:15.849 | INFO    | [DATA-GEN] Time: 27.0s
2026-04-10 19:27:15.850 | INFO    | [INFRA] Model params: 317,000
2026-04-10 19:27:15.850 | INFO    | [INFRA] Estimated VRAM: 1.0 GB
2026-04-10 19:27:15.850 | INFO    | [INFRA] Selected GPU: T4 (g4dn.xlarge)
2026-04-10 19:27:15.850 | INFO    | [INFRA] Cost: $0.53/hr
2026-04-10 19:27:15.850 | INFO    | [INFRA] Current instance sufficient — CURRENT GPU SUFFICIENT: T4 on g4dn.xlarge handles 317K
2026-04-10 19:27:21.656 | INFO    | [DRIFT] Critical features: 4
2026-04-10 19:27:21.656 | INFO    | [DRIFT] Warning features: 1
2026-04-10 19:27:21.656 | INFO    | [DRIFT] Reliable: True
2026-04-10 19:27:21.656 | INFO    | [DRIFT] Ref rows: 100,000 | Analysis rows: 100,000
2026-04-10 19:27:21.656 | INFO    | [DRIFT]   retention_time_ms: PSI=6.090569 [CRITICAL]
2026-04-10 19:27:21.656 | INFO    | [DRIFT]   gate_oxide_thickness_a: PSI=5.928993 [CRITICAL]
2026-04-10 19:27:21.656 | INFO    | [DRIFT]   test_temp_c: PSI=3.663865 [CRITICAL]
2026-04-10 19:27:21.656 | INFO    | [DRIFT]   cell_leakage_fa: PSI=0.665080 [CRITICAL]
2026-04-10 19:27:21.656 | INFO    | [DRIFT]   vt_shift_mv: PSI=0.152769 [WARNING]
2026-04-10 19:27:21.656 | INFO    | [DRIFT]   trcd_ns: PSI=0.000126 [OK]
2026-04-10 19:27:21.656 | INFO    | [RETRAIN] ✓ TRIGGERED — 4 critical features, 37d since last retrain
2026-04-10 19:27:21.656 | INFO    | [RETRAIN] Flags: drift=True, staleness=True, reliable=True
2026-04-10 19:27:21.656 | INFO    | [RETRAIN] Days since last retrain: 37
2026-04-10 20:08:34.860 | WARNING | [S3] Upload failed: Unable to locate credentials
2026-04-10 20:08:34.862 | INFO    | ========================================================================
2026-04-10 20:08:34.862 | INFO    | DAY 37 COMPLETE — 2506.0s total
2026-04-10 20:08:34.862 | INFO    | ========================================================================
