2026-04-10 14:13:26.120 | INFO    | ========================================================================
2026-04-10 14:13:26.120 | INFO    | P053 SIMULATION — DAY 12 (PHASE2)
2026-04-10 14:13:26.120 | INFO    | Started: 2026-04-10T14:13:26.120413
2026-04-10 14:13:26.120 | INFO    | ========================================================================
2026-04-10 14:13:54.696 | INFO    | [DATA-GEN] Scenario: gradual_drift
2026-04-10 14:13:54.696 | INFO    | [DATA-GEN] Rows generated: 5,000,000
2026-04-10 14:13:54.696 | INFO    | [DATA-GEN] Parquet size: 213.9 MB
2026-04-10 14:13:54.696 | INFO    | [DATA-GEN] Time: 28.6s
2026-04-10 14:13:54.696 | INFO    | [INFRA] Model params: 317,000
2026-04-10 14:13:54.696 | INFO    | [INFRA] Estimated VRAM: 1.0 GB
2026-04-10 14:13:54.696 | INFO    | [INFRA] Selected GPU: T4 (g4dn.xlarge)
2026-04-10 14:13:54.696 | INFO    | [INFRA] Cost: $0.53/hr
2026-04-10 14:13:54.696 | INFO    | [INFRA] Current instance sufficient — CURRENT GPU SUFFICIENT: T4 on g4dn.xlarge handles 317K
2026-04-10 14:13:58.795 | INFO    | [DRIFT] Critical features: 0
2026-04-10 14:13:58.795 | INFO    | [DRIFT] Warning features: 0
2026-04-10 14:13:58.795 | INFO    | [DRIFT] Reliable: True
2026-04-10 14:13:58.795 | INFO    | [DRIFT] Ref rows: 100,000 | Analysis rows: 100,000
2026-04-10 14:13:58.796 | INFO    | [DRIFT]   gate_oxide_thickness_a: PSI=0.060374 [OK]
2026-04-10 14:13:58.796 | INFO    | [DRIFT]   cell_leakage_fa: PSI=0.005324 [OK]
2026-04-10 14:13:58.796 | INFO    | [DRIFT]   test_temp_c: PSI=0.000981 [OK]
2026-04-10 14:13:58.796 | INFO    | [DRIFT]   vt_shift_mv: PSI=0.000195 [OK]
2026-04-10 14:13:58.796 | INFO    | [DRIFT]   retention_time_ms: PSI=0.000110 [OK]
2026-04-10 14:13:58.796 | INFO    | [DRIFT]   trcd_ns: PSI=0.000097 [OK]
2026-04-10 14:13:58.796 | INFO    | [RETRAIN] ✗ SKIPPED — only 0 critical features (need ≥3)
2026-04-10 14:13:58.796 | INFO    | [RETRAIN] Flags: drift=False, staleness=False, reliable=True
2026-04-10 14:13:58.796 | INFO    | [RETRAIN] Days since last retrain: 12
2026-04-10 14:13:58.812 | WARNING | [S3] Upload failed: Unable to locate credentials
2026-04-10 14:13:58.812 | INFO    | ========================================================================
2026-04-10 14:13:58.812 | INFO    | DAY 12 COMPLETE — 32.7s total
2026-04-10 14:13:58.812 | INFO    | ========================================================================
