2026-04-10 14:16:10.967 | INFO    | ========================================================================
2026-04-10 14:16:10.967 | INFO    | P053 SIMULATION — DAY 17 (PHASE2)
2026-04-10 14:16:10.967 | INFO    | Started: 2026-04-10T14:16:10.966998
2026-04-10 14:16:10.967 | INFO    | ========================================================================
2026-04-10 14:16:39.994 | INFO    | [DATA-GEN] Scenario: gradual_drift
2026-04-10 14:16:39.994 | INFO    | [DATA-GEN] Rows generated: 5,000,000
2026-04-10 14:16:39.994 | INFO    | [DATA-GEN] Parquet size: 213.5 MB
2026-04-10 14:16:39.994 | INFO    | [DATA-GEN] Time: 29.0s
2026-04-10 14:16:39.994 | INFO    | [INFRA] Model params: 317,000
2026-04-10 14:16:39.994 | INFO    | [INFRA] Estimated VRAM: 1.0 GB
2026-04-10 14:16:39.994 | INFO    | [INFRA] Selected GPU: T4 (g4dn.xlarge)
2026-04-10 14:16:39.994 | INFO    | [INFRA] Cost: $0.53/hr
2026-04-10 14:16:39.994 | INFO    | [INFRA] Current instance sufficient — CURRENT GPU SUFFICIENT: T4 on g4dn.xlarge handles 317K
2026-04-10 14:16:45.386 | INFO    | [DRIFT] Critical features: 3
2026-04-10 14:16:45.386 | INFO    | [DRIFT] Warning features: 0
2026-04-10 14:16:45.386 | INFO    | [DRIFT] Reliable: True
2026-04-10 14:16:45.386 | INFO    | [DRIFT] Ref rows: 100,000 | Analysis rows: 100,000
2026-04-10 14:16:45.386 | INFO    | [DRIFT]   gate_oxide_thickness_a: PSI=0.715953 [CRITICAL]
2026-04-10 14:16:45.386 | INFO    | [DRIFT]   test_temp_c: PSI=0.593253 [CRITICAL]
2026-04-10 14:16:45.386 | INFO    | [DRIFT]   retention_time_ms: PSI=0.435511 [CRITICAL]
2026-04-10 14:16:45.386 | INFO    | [DRIFT]   cell_leakage_fa: PSI=0.073143 [OK]
2026-04-10 14:16:45.386 | INFO    | [DRIFT]   vt_shift_mv: PSI=0.000127 [OK]
2026-04-10 14:16:45.386 | INFO    | [DRIFT]   trcd_ns: PSI=0.000096 [OK]
2026-04-10 14:16:45.386 | INFO    | [RETRAIN] ✗ SKIPPED — staleness gate (17d < 30)
2026-04-10 14:16:45.386 | INFO    | [RETRAIN] Flags: drift=True, staleness=False, reliable=True
2026-04-10 14:16:45.386 | INFO    | [RETRAIN] Days since last retrain: 17
2026-04-10 14:16:45.400 | WARNING | [S3] Upload failed: Unable to locate credentials
2026-04-10 14:16:45.400 | INFO    | ========================================================================
2026-04-10 14:16:45.400 | INFO    | DAY 17 COMPLETE — 34.4s total
2026-04-10 14:16:45.400 | INFO    | ========================================================================
