2026-04-10 14:21:03.324 | INFO    | ========================================================================
2026-04-10 14:21:03.324 | INFO    | P053 SIMULATION — DAY 26 (PHASE2)
2026-04-10 14:21:03.325 | INFO    | Started: 2026-04-10T14:21:03.324413
2026-04-10 14:21:03.325 | INFO    | ========================================================================
2026-04-10 14:21:30.734 | INFO    | [DATA-GEN] Scenario: threshold_2
2026-04-10 14:21:30.735 | INFO    | [DATA-GEN] Rows generated: 5,000,000
2026-04-10 14:21:30.735 | INFO    | [DATA-GEN] Parquet size: 213.0 MB
2026-04-10 14:21:30.735 | INFO    | [DATA-GEN] Time: 27.4s
2026-04-10 14:21:30.735 | INFO    | [INFRA] Model params: 317,000
2026-04-10 14:21:30.735 | INFO    | [INFRA] Estimated VRAM: 1.0 GB
2026-04-10 14:21:30.735 | INFO    | [INFRA] Selected GPU: T4 (g4dn.xlarge)
2026-04-10 14:21:30.735 | INFO    | [INFRA] Cost: $0.53/hr
2026-04-10 14:21:30.735 | INFO    | [INFRA] Current instance sufficient — CURRENT GPU SUFFICIENT: T4 on g4dn.xlarge handles 317K
2026-04-10 14:21:34.644 | INFO    | [DRIFT] Critical features: 5
2026-04-10 14:21:34.644 | INFO    | [DRIFT] Warning features: 0
2026-04-10 14:21:34.644 | INFO    | [DRIFT] Reliable: True
2026-04-10 14:21:34.644 | INFO    | [DRIFT] Ref rows: 100,000 | Analysis rows: 100,000
2026-04-10 14:21:34.644 | INFO    | [DRIFT]   retention_time_ms: PSI=4.482340 [CRITICAL]
2026-04-10 14:21:34.644 | INFO    | [DRIFT]   gate_oxide_thickness_a: PSI=3.301480 [CRITICAL]
2026-04-10 14:21:34.644 | INFO    | [DRIFT]   test_temp_c: PSI=3.110329 [CRITICAL]
2026-04-10 14:21:34.644 | INFO    | [DRIFT]   cell_leakage_fa: PSI=0.354730 [CRITICAL]
2026-04-10 14:21:34.644 | INFO    | [DRIFT]   vt_shift_mv: PSI=0.209410 [CRITICAL]
2026-04-10 14:21:34.644 | INFO    | [DRIFT]   trcd_ns: PSI=0.000152 [OK]
2026-04-10 14:21:34.644 | INFO    | [RETRAIN] ✗ SKIPPED — staleness gate (26d < 30)
2026-04-10 14:21:34.644 | INFO    | [RETRAIN] Flags: drift=True, staleness=False, reliable=True
2026-04-10 14:21:34.644 | INFO    | [RETRAIN] Days since last retrain: 26
2026-04-10 14:21:34.665 | WARNING | [S3] Upload failed: Unable to locate credentials
2026-04-10 14:21:34.666 | INFO    | ========================================================================
2026-04-10 14:21:34.666 | INFO    | DAY 26 COMPLETE — 31.3s total
2026-04-10 14:21:34.666 | INFO    | ========================================================================
