2026-04-10 16:32:37.414 | INFO    | ========================================================================
2026-04-10 16:32:37.414 | INFO    | P053 SIMULATION — DAY 33 (PHASE2)
2026-04-10 16:32:37.414 | INFO    | Started: 2026-04-10T16:32:37.413520
2026-04-10 16:32:37.414 | INFO    | ========================================================================
2026-04-10 16:33:06.385 | INFO    | [DATA-GEN] Scenario: post_retrain_recovery
2026-04-10 16:33:06.385 | INFO    | [DATA-GEN] Rows generated: 5,000,000
2026-04-10 16:33:06.385 | INFO    | [DATA-GEN] Parquet size: 213.0 MB
2026-04-10 16:33:06.385 | INFO    | [DATA-GEN] Time: 29.0s
2026-04-10 16:33:06.385 | INFO    | [INFRA] Model params: 317,000
2026-04-10 16:33:06.385 | INFO    | [INFRA] Estimated VRAM: 1.0 GB
2026-04-10 16:33:06.385 | INFO    | [INFRA] Selected GPU: T4 (g4dn.xlarge)
2026-04-10 16:33:06.385 | INFO    | [INFRA] Cost: $0.53/hr
2026-04-10 16:33:06.385 | INFO    | [INFRA] Current instance sufficient — CURRENT GPU SUFFICIENT: T4 on g4dn.xlarge handles 317K
2026-04-10 16:33:10.974 | INFO    | [DRIFT] Critical features: 4
2026-04-10 16:33:10.974 | INFO    | [DRIFT] Warning features: 0
2026-04-10 16:33:10.975 | INFO    | [DRIFT] Reliable: True
2026-04-10 16:33:10.975 | INFO    | [DRIFT] Ref rows: 100,000 | Analysis rows: 100,000
2026-04-10 16:33:10.975 | INFO    | [DRIFT]   retention_time_ms: PSI=6.031316 [CRITICAL]
2026-04-10 16:33:10.975 | INFO    | [DRIFT]   gate_oxide_thickness_a: PSI=5.179196 [CRITICAL]
2026-04-10 16:33:10.975 | INFO    | [DRIFT]   test_temp_c: PSI=3.441437 [CRITICAL]
2026-04-10 16:33:10.975 | INFO    | [DRIFT]   cell_leakage_fa: PSI=0.587931 [CRITICAL]
2026-04-10 16:33:10.975 | INFO    | [DRIFT]   vt_shift_mv: PSI=0.000179 [OK]
2026-04-10 16:33:10.975 | INFO    | [DRIFT]   trcd_ns: PSI=0.000177 [OK]
2026-04-10 16:33:10.975 | INFO    | [RETRAIN] ✓ TRIGGERED — 4 critical features, 33d since last retrain
2026-04-10 16:33:10.975 | INFO    | [RETRAIN] Flags: drift=True, staleness=True, reliable=True
2026-04-10 16:33:10.975 | INFO    | [RETRAIN] Days since last retrain: 33
2026-04-10 17:16:44.774 | WARNING | [S3] Upload failed: Unable to locate credentials
2026-04-10 17:16:44.777 | INFO    | ========================================================================
2026-04-10 17:16:44.777 | INFO    | DAY 33 COMPLETE — 2647.4s total
2026-04-10 17:16:44.777 | INFO    | ========================================================================
