2026-04-10 14:12:50.029 | INFO    | ========================================================================
2026-04-10 14:12:50.029 | INFO    | P053 SIMULATION — DAY 11 (PHASE2)
2026-04-10 14:12:50.029 | INFO    | Started: 2026-04-10T14:12:50.028773
2026-04-10 14:12:50.029 | INFO    | ========================================================================
2026-04-10 14:13:20.696 | INFO    | [DATA-GEN] Scenario: gradual_drift
2026-04-10 14:13:20.696 | INFO    | [DATA-GEN] Rows generated: 5,000,000
2026-04-10 14:13:20.696 | INFO    | [DATA-GEN] Parquet size: 214.0 MB
2026-04-10 14:13:20.696 | INFO    | [DATA-GEN] Time: 30.7s
2026-04-10 14:13:20.697 | INFO    | [INFRA] Model params: 317,000
2026-04-10 14:13:20.697 | INFO    | [INFRA] Estimated VRAM: 1.0 GB
2026-04-10 14:13:20.697 | INFO    | [INFRA] Selected GPU: T4 (g4dn.xlarge)
2026-04-10 14:13:20.697 | INFO    | [INFRA] Cost: $0.53/hr
2026-04-10 14:13:20.697 | INFO    | [INFRA] Current instance sufficient — CURRENT GPU SUFFICIENT: T4 on g4dn.xlarge handles 317K
2026-04-10 14:13:26.104 | INFO    | [DRIFT] Critical features: 0
2026-04-10 14:13:26.104 | INFO    | [DRIFT] Warning features: 0
2026-04-10 14:13:26.104 | INFO    | [DRIFT] Reliable: True
2026-04-10 14:13:26.105 | INFO    | [DRIFT] Ref rows: 100,000 | Analysis rows: 100,000
2026-04-10 14:13:26.105 | INFO    | [DRIFT]   test_temp_c: PSI=0.049463 [OK]
2026-04-10 14:13:26.105 | INFO    | [DRIFT]   retention_time_ms: PSI=0.036722 [OK]
2026-04-10 14:13:26.105 | INFO    | [DRIFT]   gate_oxide_thickness_a: PSI=0.014683 [OK]
2026-04-10 14:13:26.105 | INFO    | [DRIFT]   cell_leakage_fa: PSI=0.001317 [OK]
2026-04-10 14:13:26.105 | INFO    | [DRIFT]   trcd_ns: PSI=0.000231 [OK]
2026-04-10 14:13:26.105 | INFO    | [DRIFT]   vt_shift_mv: PSI=0.000054 [OK]
2026-04-10 14:13:26.105 | INFO    | [RETRAIN] ✗ SKIPPED — only 0 critical features (need ≥3)
2026-04-10 14:13:26.105 | INFO    | [RETRAIN] Flags: drift=False, staleness=False, reliable=True
2026-04-10 14:13:26.105 | INFO    | [RETRAIN] Days since last retrain: 11
2026-04-10 14:13:26.119 | WARNING | [S3] Upload failed: Unable to locate credentials
2026-04-10 14:13:26.119 | INFO    | ========================================================================
2026-04-10 14:13:26.119 | INFO    | DAY 11 COMPLETE — 36.1s total
2026-04-10 14:13:26.119 | INFO    | ========================================================================
