2026-04-10 17:16:44.780 | INFO    | ========================================================================
2026-04-10 17:16:44.780 | INFO    | P053 SIMULATION — DAY 34 (PHASE2)
2026-04-10 17:16:44.780 | INFO    | Started: 2026-04-10T17:16:44.780017
2026-04-10 17:16:44.780 | INFO    | ========================================================================
2026-04-10 17:17:15.679 | INFO    | [DATA-GEN] Scenario: post_retrain_recovery
2026-04-10 17:17:15.679 | INFO    | [DATA-GEN] Rows generated: 5,000,000
2026-04-10 17:17:15.679 | INFO    | [DATA-GEN] Parquet size: 213.0 MB
2026-04-10 17:17:15.679 | INFO    | [DATA-GEN] Time: 30.9s
2026-04-10 17:17:15.680 | INFO    | [INFRA] Model params: 317,000
2026-04-10 17:17:15.680 | INFO    | [INFRA] Estimated VRAM: 1.0 GB
2026-04-10 17:17:15.680 | INFO    | [INFRA] Selected GPU: T4 (g4dn.xlarge)
2026-04-10 17:17:15.680 | INFO    | [INFRA] Cost: $0.53/hr
2026-04-10 17:17:15.680 | INFO    | [INFRA] Current instance sufficient — CURRENT GPU SUFFICIENT: T4 on g4dn.xlarge handles 317K
2026-04-10 17:17:20.137 | INFO    | [DRIFT] Critical features: 4
2026-04-10 17:17:20.137 | INFO    | [DRIFT] Warning features: 0
2026-04-10 17:17:20.137 | INFO    | [DRIFT] Reliable: True
2026-04-10 17:17:20.137 | INFO    | [DRIFT] Ref rows: 100,000 | Analysis rows: 100,000
2026-04-10 17:17:20.137 | INFO    | [DRIFT]   retention_time_ms: PSI=5.768357 [CRITICAL]
2026-04-10 17:17:20.137 | INFO    | [DRIFT]   gate_oxide_thickness_a: PSI=5.245846 [CRITICAL]
2026-04-10 17:17:20.137 | INFO    | [DRIFT]   test_temp_c: PSI=3.597067 [CRITICAL]
2026-04-10 17:17:20.137 | INFO    | [DRIFT]   cell_leakage_fa: PSI=0.613698 [CRITICAL]
2026-04-10 17:17:20.137 | INFO    | [DRIFT]   vt_shift_mv: PSI=0.000250 [OK]
2026-04-10 17:17:20.137 | INFO    | [DRIFT]   trcd_ns: PSI=0.000096 [OK]
2026-04-10 17:17:20.137 | INFO    | [RETRAIN] ✓ TRIGGERED — 4 critical features, 34d since last retrain
2026-04-10 17:17:20.138 | INFO    | [RETRAIN] Flags: drift=True, staleness=True, reliable=True
2026-04-10 17:17:20.138 | INFO    | [RETRAIN] Days since last retrain: 34
2026-04-10 18:00:12.047 | WARNING | [S3] Upload failed: Unable to locate credentials
2026-04-10 18:00:12.048 | INFO    | ========================================================================
2026-04-10 18:00:12.048 | INFO    | DAY 34 COMPLETE — 2607.3s total
2026-04-10 18:00:12.048 | INFO    | ========================================================================
